<?xml version="1.0" encoding="UTF-8"?>
<!-- Generated by org.testng.reporters.JUnitReportReporter -->
<testsuite hostname="dhcp201-111.englab.pnq.redhat.com" name="tests.CaseGroupManagementTest" tests="1" failures="0" timestamp="16 Aug 2017 06:05:41 GMT" time="3.144" errors="0">
  <testcase name="createCaseGroup" time="3.144" classname="tests.CaseGroupManagementTest"/>
</testsuite> <!-- tests.CaseGroupManagementTest -->
