<?xml version="1.0" encoding="UTF-8"?>
<!-- Generated by org.testng.reporters.JUnitReportReporter -->
<testsuite hostname="dhcp201-111.englab.pnq.redhat.com" name="tests.SSOTests" tests="4" failures="0" timestamp="21 Aug 2017 05:39:37 GMT" time="225.199" errors="0">
  <testcase name="testOpenListCasePage" time="53.507" classname="tests.SSOTests"/>
  <testcase name="testOpenListCasePage" time="57.302" classname="tests.SSOTests"/>
  <testcase name="testOpenListCasePage" time="57.126" classname="tests.SSOTests"/>
  <testcase name="testOpenListCasePage" time="57.264" classname="tests.SSOTests"/>
</testsuite> <!-- tests.SSOTests -->
