<?xml version="1.0" encoding="UTF-8"?>
<!-- Generated by org.testng.reporters.JUnitReportReporter -->
<testsuite hostname="dkouls-workstation" name="tests.DemoTest" tests="1" failures="0" timestamp="7 Aug 2019 13:29:56 GMT" time="15.121" errors="0">
  <testcase name="reactSelectDemo" time="15.121" classname="tests.DemoTest"/>
</testsuite> <!-- tests.DemoTest -->
