<?xml version="1.0" encoding="UTF-8"?>
<!-- Generated by org.testng.reporters.JUnitReportReporter -->
<testsuite hostname="dhcp201-111.englab.pnq.redhat.com" name="tests.ExternalUserTests" tests="1" failures="0" timestamp="21 Aug 2017 05:28:55 GMT" time="73.951" errors="0">
  <testcase name="caseGroupTests" time="73.951" classname="tests.ExternalUserTests"/>
</testsuite> <!-- tests.ExternalUserTests -->
