<?xml version="1.0" encoding="UTF-8"?>
<!-- Generated by org.testng.reporters.JUnitReportReporter -->
<testsuite hostname="dkouls-workstation" name="tests.Monitor" tests="1" failures="0" timestamp="10 Jul 2019 06:55:23 GMT" time="11.846" errors="0">
  <testcase name="htmlSelectDemo" time="11.846" classname="tests.Monitor"/>
</testsuite> <!-- tests.Monitor -->
