<?xml version="1.0" encoding="UTF-8"?>
<!-- Generated by org.testng.reporters.JUnitReportReporter -->
<testsuite hostname="dhcp201-111.englab.pnq.redhat.com" name="tests.Google" tests="1" failures="0" timestamp="14 Aug 2017 05:35:41 GMT" time="40.892" errors="0">
  <testcase name="createCaseGroup" time="40.892" classname="tests.Google"/>
</testsuite> <!-- tests.Google -->
